2020-04-18 01:04:34.726  INFO 31266 --- [main] c.ibook.bookstore.BookstoreApplication   : Starting BookstoreApplication on alien with PID 31266 (/home/dragon/Documents/2020/assignments/enterprise_level/SpringBoot/target/classes started by dragon in /home/dragon/Documents/2020/assignments/enterprise_level/SpringBoot)
2020-04-18 01:04:34.732  INFO 31266 --- [main] c.ibook.bookstore.BookstoreApplication   : No active profile set, falling back to default profiles: default
2020-04-18 01:04:36.918  INFO 31266 --- [main] .s.d.r.c.RepositoryConfigurationDelegate : Multiple Spring Data modules found, entering strict repository configuration mode!
2020-04-18 01:04:36.918  INFO 31266 --- [main] .s.d.r.c.RepositoryConfigurationDelegate : Bootstrapping Spring Data repositories in DEFAULT mode.
2020-04-18 01:04:36.958  INFO 31266 --- [main] .RepositoryConfigurationExtensionSupport : Spring Data JPA - Could not safely identify store assignment for repository candidate interface com.ibook.bookstore.Repository.BookDetailRepository.
2020-04-18 01:04:36.965  INFO 31266 --- [main] .RepositoryConfigurationExtensionSupport : Spring Data JPA - Could not safely identify store assignment for repository candidate interface com.ibook.bookstore.Repository.UserDetailRepository.
2020-04-18 01:04:36.995  INFO 31266 --- [main] .s.d.r.c.RepositoryConfigurationDelegate : Finished Spring Data repository scanning in 70ms. Found 5 repository interfaces.
2020-04-18 01:04:37.037  INFO 31266 --- [main] .s.d.r.c.RepositoryConfigurationDelegate : Multiple Spring Data modules found, entering strict repository configuration mode!
2020-04-18 01:04:37.038  INFO 31266 --- [main] .s.d.r.c.RepositoryConfigurationDelegate : Bootstrapping Spring Data repositories in DEFAULT mode.
2020-04-18 01:04:37.041  INFO 31266 --- [main] .RepositoryConfigurationExtensionSupport : Spring Data MongoDB - Could not safely identify store assignment for repository candidate interface com.ibook.bookstore.Repository.AddressRepository.
2020-04-18 01:04:37.042  INFO 31266 --- [main] .RepositoryConfigurationExtensionSupport : Spring Data MongoDB - Could not safely identify store assignment for repository candidate interface com.ibook.bookstore.Repository.BookRepository.
2020-04-18 01:04:37.043  INFO 31266 --- [main] .RepositoryConfigurationExtensionSupport : Spring Data MongoDB - Could not safely identify store assignment for repository candidate interface com.ibook.bookstore.Repository.OrderItemRepository.
2020-04-18 01:04:37.043  INFO 31266 --- [main] .RepositoryConfigurationExtensionSupport : Spring Data MongoDB - Could not safely identify store assignment for repository candidate interface com.ibook.bookstore.Repository.OrderRepository.
2020-04-18 01:04:37.044  INFO 31266 --- [main] .RepositoryConfigurationExtensionSupport : Spring Data MongoDB - Could not safely identify store assignment for repository candidate interface com.ibook.bookstore.Repository.UserRepository.
2020-04-18 01:04:37.047  INFO 31266 --- [main] .s.d.r.c.RepositoryConfigurationDelegate : Finished Spring Data repository scanning in 9ms. Found 2 repository interfaces.
2020-04-18 01:04:37.072  INFO 31266 --- [main] .s.d.r.c.RepositoryConfigurationDelegate : Multiple Spring Data modules found, entering strict repository configuration mode!
2020-04-18 01:04:37.073  INFO 31266 --- [main] .s.d.r.c.RepositoryConfigurationDelegate : Bootstrapping Spring Data repositories in DEFAULT mode.
2020-04-18 01:04:37.095  INFO 31266 --- [main] .RepositoryConfigurationExtensionSupport : Spring Data Redis - Could not safely identify store assignment for repository candidate interface com.ibook.bookstore.Repository.AddressRepository.
2020-04-18 01:04:37.095  INFO 31266 --- [main] .RepositoryConfigurationExtensionSupport : Spring Data Redis - Could not safely identify store assignment for repository candidate interface com.ibook.bookstore.Repository.BookDetailRepository.
2020-04-18 01:04:37.096  INFO 31266 --- [main] .RepositoryConfigurationExtensionSupport : Spring Data Redis - Could not safely identify store assignment for repository candidate interface com.ibook.bookstore.Repository.BookRepository.
2020-04-18 01:04:37.096  INFO 31266 --- [main] .RepositoryConfigurationExtensionSupport : Spring Data Redis - Could not safely identify store assignment for repository candidate interface com.ibook.bookstore.Repository.OrderItemRepository.
2020-04-18 01:04:37.096  INFO 31266 --- [main] .RepositoryConfigurationExtensionSupport : Spring Data Redis - Could not safely identify store assignment for repository candidate interface com.ibook.bookstore.Repository.OrderRepository.
2020-04-18 01:04:37.097  INFO 31266 --- [main] .RepositoryConfigurationExtensionSupport : Spring Data Redis - Could not safely identify store assignment for repository candidate interface com.ibook.bookstore.Repository.UserDetailRepository.
2020-04-18 01:04:37.097  INFO 31266 --- [main] .RepositoryConfigurationExtensionSupport : Spring Data Redis - Could not safely identify store assignment for repository candidate interface com.ibook.bookstore.Repository.UserRepository.
2020-04-18 01:04:37.097  INFO 31266 --- [main] .s.d.r.c.RepositoryConfigurationDelegate : Finished Spring Data repository scanning in 5ms. Found 0 repository interfaces.
2020-04-18 01:04:37.477  INFO 31266 --- [main] trationDelegate$BeanPostProcessorChecker : Bean 'org.springframework.kafka.annotation.KafkaBootstrapConfiguration' of type [org.springframework.kafka.annotation.KafkaBootstrapConfiguration$$EnhancerBySpringCGLIB$$81ffca0d] is not eligible for getting processed by all BeanPostProcessors (for example: not eligible for auto-proxying)
2020-04-18 01:04:37.516  INFO 31266 --- [main] trationDelegate$BeanPostProcessorChecker : Bean 'org.springframework.transaction.annotation.ProxyTransactionManagementConfiguration' of type [org.springframework.transaction.annotation.ProxyTransactionManagementConfiguration$$EnhancerBySpringCGLIB$$ae4db88a] is not eligible for getting processed by all BeanPostProcessors (for example: not eligible for auto-proxying)
2020-04-18 01:04:37.526  INFO 31266 --- [main] trationDelegate$BeanPostProcessorChecker : Bean 'org.springframework.hateoas.config.HateoasConfiguration' of type [org.springframework.hateoas.config.HateoasConfiguration$$EnhancerBySpringCGLIB$$2dce05bc] is not eligible for getting processed by all BeanPostProcessors (for example: not eligible for auto-proxying)
2020-04-18 01:04:38.325  INFO 31266 --- [main] o.s.b.w.embedded.tomcat.TomcatWebServer  : Tomcat initialized with port(s): 8080 (http)
2020-04-18 01:04:38.451  INFO 31266 --- [main] o.apache.catalina.core.StandardService   : Starting service [Tomcat]
2020-04-18 01:04:38.452  INFO 31266 --- [main] org.apache.catalina.core.StandardEngine  : Starting Servlet engine: [Apache Tomcat/9.0.17]
2020-04-18 01:04:38.576  INFO 31266 --- [main] o.a.c.c.C.[Tomcat].[localhost].[/]       : Initializing Spring embedded WebApplicationContext
2020-04-18 01:04:38.576  INFO 31266 --- [main] o.s.web.context.ContextLoader            : Root WebApplicationContext: initialization completed in 3808 ms
2020-04-18 01:04:39.039  INFO 31266 --- [main] com.zaxxer.hikari.HikariDataSource       : HikariPool-1 - Starting...
2020-04-18 01:04:39.268  INFO 31266 --- [main] com.zaxxer.hikari.HikariDataSource       : HikariPool-1 - Start completed.
2020-04-18 01:04:39.311  INFO 31266 --- [main] o.hibernate.jpa.internal.util.LogHelper  : HHH000204: Processing PersistenceUnitInfo [
	name: default
	...]
2020-04-18 01:04:39.467  INFO 31266 --- [main] org.hibernate.Version                    : HHH000412: Hibernate Core {5.3.9.Final}
2020-04-18 01:04:39.469  INFO 31266 --- [main] org.hibernate.cfg.Environment            : HHH000206: hibernate.properties not found
2020-04-18 01:04:39.706  INFO 31266 --- [main] o.hibernate.annotations.common.Version   : HCANN000001: Hibernate Commons Annotations {5.0.4.Final}
2020-04-18 01:04:40.112  INFO 31266 --- [main] org.hibernate.dialect.Dialect            : HHH000400: Using dialect: org.hibernate.dialect.MySQL5Dialect
2020-04-18 01:04:40.316  WARN 31266 --- [main] org.hibernate.id.UUIDHexGenerator        : HHH000409: Using org.hibernate.id.UUIDHexGenerator which does not generate IETF RFC 4122 compliant UUID values; consider using org.hibernate.id.UUIDGenerator instead
2020-04-18 01:04:40.747  INFO 31266 --- [main] j.LocalContainerEntityManagerFactoryBean : Initialized JPA EntityManagerFactory for persistence unit 'default'
2020-04-18 01:04:42.422  INFO 31266 --- [main] org.mongodb.driver.cluster               : Cluster created with settings {hosts=[localhost:27017], mode=SINGLE, requiredClusterType=UNKNOWN, serverSelectionTimeout='30000 ms', maxWaitQueueSize=500}
2020-04-18 01:04:42.555  INFO 31266 --- [cluster-ClusterId{value='5e99e1aa1323bb7a220ce036', description='null'}-localhost:27017] org.mongodb.driver.connection            : Opened connection [connectionId{localValue:1, serverValue:1}] to localhost:27017
2020-04-18 01:04:42.558  INFO 31266 --- [cluster-ClusterId{value='5e99e1aa1323bb7a220ce036', description='null'}-localhost:27017] org.mongodb.driver.cluster               : Monitor thread successfully connected to server with description ServerDescription{address=localhost:27017, type=STANDALONE, state=CONNECTED, ok=true, version=ServerVersion{versionList=[4, 2, 3]}, minWireVersion=0, maxWireVersion=8, maxDocumentSize=16777216, logicalSessionTimeoutMinutes=30, roundTripTimeNanos=1777788}
2020-04-18 01:04:43.458  INFO 31266 --- [main] o.s.s.concurrent.ThreadPoolTaskExecutor  : Initializing ExecutorService 'clientInboundChannelExecutor'
2020-04-18 01:04:43.464  INFO 31266 --- [main] o.s.s.concurrent.ThreadPoolTaskExecutor  : Initializing ExecutorService 'clientOutboundChannelExecutor'
2020-04-18 01:04:43.578  INFO 31266 --- [main] o.s.s.c.ThreadPoolTaskScheduler          : Initializing ExecutorService 'messageBrokerTaskScheduler'
2020-04-18 01:04:43.621  INFO 31266 --- [main] o.s.s.concurrent.ThreadPoolTaskExecutor  : Initializing ExecutorService 'brokerChannelExecutor'
2020-04-18 01:04:43.974  WARN 31266 --- [main] aWebConfiguration$JpaWebMvcConfiguration : spring.jpa.open-in-view is enabled by default. Therefore, database queries may be performed during view rendering. Explicitly configure spring.jpa.open-in-view to disable this warning
2020-04-18 01:04:44.077  INFO 31266 --- [main] o.s.s.web.DefaultSecurityFilterChain     : Creating filter chain: any request, [org.springframework.security.web.context.request.async.WebAsyncManagerIntegrationFilter@48f2d51d, org.springframework.security.web.context.SecurityContextPersistenceFilter@33f4844b, org.springframework.security.web.header.HeaderWriterFilter@67e21ea2, org.springframework.web.filter.CorsFilter@151d216e, org.springframework.security.web.authentication.logout.LogoutFilter@42ac309, org.springframework.security.web.authentication.UsernamePasswordAuthenticationFilter@74ee97cb, org.springframework.security.web.savedrequest.RequestCacheAwareFilter@435a2c7d, org.springframework.security.web.servletapi.SecurityContextHolderAwareRequestFilter@7607340f, org.springframework.security.web.authentication.AnonymousAuthenticationFilter@1018f702, org.springframework.security.web.session.SessionManagementFilter@4d9bccfe, org.springframework.security.web.access.ExceptionTranslationFilter@5ce41f1f, org.springframework.security.web.access.intercept.FilterSecurityInterceptor@2a7392a3]
2020-04-18 01:04:44.878  INFO 31266 --- [main] o.a.k.clients.consumer.ConsumerConfig    : ConsumerConfig values: 
	auto.commit.interval.ms = 100
	auto.offset.reset = earliest
	bootstrap.servers = [127.0.0.1:9092]
	check.crcs = true
	client.id = 
	connections.max.idle.ms = 540000
	default.api.timeout.ms = 60000
	enable.auto.commit = true
	exclude.internal.topics = true
	fetch.max.bytes = 52428800
	fetch.max.wait.ms = 500
	fetch.min.bytes = 1
	group.id = order-consumer-group
	heartbeat.interval.ms = 3000
	interceptor.classes = []
	internal.leave.group.on.close = true
	isolation.level = read_uncommitted
	key.deserializer = class org.apache.kafka.common.serialization.StringDeserializer
	max.partition.fetch.bytes = 1048576
	max.poll.interval.ms = 300000
	max.poll.records = 500
	metadata.max.age.ms = 300000
	metric.reporters = []
	metrics.num.samples = 2
	metrics.recording.level = INFO
	metrics.sample.window.ms = 30000
	partition.assignment.strategy = [class org.apache.kafka.clients.consumer.RangeAssignor]
	receive.buffer.bytes = 65536
	reconnect.backoff.max.ms = 1000
	reconnect.backoff.ms = 50
	request.timeout.ms = 30000
	retry.backoff.ms = 100
	sasl.client.callback.handler.class = null
	sasl.jaas.config = null
	sasl.kerberos.kinit.cmd = /usr/bin/kinit
	sasl.kerberos.min.time.before.relogin = 60000
	sasl.kerberos.service.name = null
	sasl.kerberos.ticket.renew.jitter = 0.05
	sasl.kerberos.ticket.renew.window.factor = 0.8
	sasl.login.callback.handler.class = null
	sasl.login.class = null
	sasl.login.refresh.buffer.seconds = 300
	sasl.login.refresh.min.period.seconds = 60
	sasl.login.refresh.window.factor = 0.8
	sasl.login.refresh.window.jitter = 0.05
	sasl.mechanism = GSSAPI
	security.protocol = PLAINTEXT
	send.buffer.bytes = 131072
	session.timeout.ms = 10000
	ssl.cipher.suites = null
	ssl.enabled.protocols = [TLSv1.2, TLSv1.1, TLSv1]
	ssl.endpoint.identification.algorithm = https
	ssl.key.password = null
	ssl.keymanager.algorithm = SunX509
	ssl.keystore.location = null
	ssl.keystore.password = null
	ssl.keystore.type = JKS
	ssl.protocol = TLS
	ssl.provider = null
	ssl.secure.random.implementation = null
	ssl.trustmanager.algorithm = PKIX
	ssl.truststore.location = null
	ssl.truststore.password = null
	ssl.truststore.type = JKS
	value.deserializer = class org.apache.kafka.common.serialization.StringDeserializer

2020-04-18 01:04:44.909  INFO 31266 --- [main] o.a.kafka.common.utils.AppInfoParser     : Kafka version : 2.0.1
2020-04-18 01:04:44.909  INFO 31266 --- [main] o.a.kafka.common.utils.AppInfoParser     : Kafka commitId : fa14705e51bd2ce5
2020-04-18 01:04:45.027  INFO 31266 --- [main] org.apache.kafka.clients.Metadata        : Cluster ID: XCWlH1yPT22F-iyviusfCQ
2020-04-18 01:04:45.552  INFO 31266 --- [main] o.a.k.clients.consumer.ConsumerConfig    : ConsumerConfig values: 
	auto.commit.interval.ms = 100
	auto.offset.reset = earliest
	bootstrap.servers = [127.0.0.1:9092]
	check.crcs = true
	client.id = 
	connections.max.idle.ms = 540000
	default.api.timeout.ms = 60000
	enable.auto.commit = true
	exclude.internal.topics = true
	fetch.max.bytes = 52428800
	fetch.max.wait.ms = 500
	fetch.min.bytes = 1
	group.id = order-consumer-group
	heartbeat.interval.ms = 3000
	interceptor.classes = []
	internal.leave.group.on.close = true
	isolation.level = read_uncommitted
	key.deserializer = class org.apache.kafka.common.serialization.StringDeserializer
	max.partition.fetch.bytes = 1048576
	max.poll.interval.ms = 300000
	max.poll.records = 500
	metadata.max.age.ms = 300000
	metric.reporters = []
	metrics.num.samples = 2
	metrics.recording.level = INFO
	metrics.sample.window.ms = 30000
	partition.assignment.strategy = [class org.apache.kafka.clients.consumer.RangeAssignor]
	receive.buffer.bytes = 65536
	reconnect.backoff.max.ms = 1000
	reconnect.backoff.ms = 50
	request.timeout.ms = 30000
	retry.backoff.ms = 100
	sasl.client.callback.handler.class = null
	sasl.jaas.config = null
	sasl.kerberos.kinit.cmd = /usr/bin/kinit
	sasl.kerberos.min.time.before.relogin = 60000
	sasl.kerberos.service.name = null
	sasl.kerberos.ticket.renew.jitter = 0.05
	sasl.kerberos.ticket.renew.window.factor = 0.8
	sasl.login.callback.handler.class = null
	sasl.login.class = null
	sasl.login.refresh.buffer.seconds = 300
	sasl.login.refresh.min.period.seconds = 60
	sasl.login.refresh.window.factor = 0.8
	sasl.login.refresh.window.jitter = 0.05
	sasl.mechanism = GSSAPI
	security.protocol = PLAINTEXT
	send.buffer.bytes = 131072
	session.timeout.ms = 10000
	ssl.cipher.suites = null
	ssl.enabled.protocols = [TLSv1.2, TLSv1.1, TLSv1]
	ssl.endpoint.identification.algorithm = https
	ssl.key.password = null
	ssl.keymanager.algorithm = SunX509
	ssl.keystore.location = null
	ssl.keystore.password = null
	ssl.keystore.type = JKS
	ssl.protocol = TLS
	ssl.provider = null
	ssl.secure.random.implementation = null
	ssl.trustmanager.algorithm = PKIX
	ssl.truststore.location = null
	ssl.truststore.password = null
	ssl.truststore.type = JKS
	value.deserializer = class org.apache.kafka.common.serialization.StringDeserializer

2020-04-18 01:04:45.561  INFO 31266 --- [main] o.a.kafka.common.utils.AppInfoParser     : Kafka version : 2.0.1
2020-04-18 01:04:45.561  INFO 31266 --- [main] o.a.kafka.common.utils.AppInfoParser     : Kafka commitId : fa14705e51bd2ce5
2020-04-18 01:04:45.564  INFO 31266 --- [main] o.s.s.c.ThreadPoolTaskScheduler          : Initializing ExecutorService
2020-04-18 01:04:45.606  INFO 31266 --- [main] o.s.m.s.b.SimpleBrokerMessageHandler     : Starting...
2020-04-18 01:04:45.607  INFO 31266 --- [main] o.s.m.s.b.SimpleBrokerMessageHandler     : BrokerAvailabilityEvent[available=true, SimpleBrokerMessageHandler [DefaultSubscriptionRegistry[cache[0 destination(s)], registry[0 sessions]]]]
2020-04-18 01:04:45.610  INFO 31266 --- [main] o.s.m.s.b.SimpleBrokerMessageHandler     : Started.
2020-04-18 01:04:45.627  INFO 31266 --- [org.springframework.kafka.KafkaListenerEndpointContainer#0-0-C-1] org.apache.kafka.clients.Metadata        : Cluster ID: XCWlH1yPT22F-iyviusfCQ
2020-04-18 01:04:45.723  INFO 31266 --- [main] o.s.b.w.embedded.tomcat.TomcatWebServer  : Tomcat started on port(s): 8080 (http) with context path ''
2020-04-18 01:04:45.733  INFO 31266 --- [main] c.ibook.bookstore.BookstoreApplication   : Started BookstoreApplication in 11.643 seconds (JVM running for 12.178)
2020-04-18 01:04:46.770  INFO 31266 --- [org.springframework.kafka.KafkaListenerEndpointContainer#0-0-C-1] o.a.k.c.c.internals.AbstractCoordinator  : [Consumer clientId=consumer-2, groupId=order-consumer-group] Discovered group coordinator alien:9092 (id: 2147483647 rack: null)
2020-04-18 01:04:46.775  INFO 31266 --- [org.springframework.kafka.KafkaListenerEndpointContainer#0-0-C-1] o.a.k.c.c.internals.ConsumerCoordinator  : [Consumer clientId=consumer-2, groupId=order-consumer-group] Revoking previously assigned partitions []
2020-04-18 01:04:46.776  INFO 31266 --- [org.springframework.kafka.KafkaListenerEndpointContainer#0-0-C-1] o.s.k.l.KafkaMessageListenerContainer    : partitions revoked: []
2020-04-18 01:04:46.777  INFO 31266 --- [org.springframework.kafka.KafkaListenerEndpointContainer#0-0-C-1] o.a.k.c.c.internals.AbstractCoordinator  : [Consumer clientId=consumer-2, groupId=order-consumer-group] (Re-)joining group
2020-04-18 01:04:46.965  INFO 31266 --- [org.springframework.kafka.KafkaListenerEndpointContainer#0-0-C-1] o.a.k.c.c.internals.AbstractCoordinator  : [Consumer clientId=consumer-2, groupId=order-consumer-group] Successfully joined group with generation 1
2020-04-18 01:04:46.966  INFO 31266 --- [org.springframework.kafka.KafkaListenerEndpointContainer#0-0-C-1] o.a.k.c.c.internals.ConsumerCoordinator  : [Consumer clientId=consumer-2, groupId=order-consumer-group] Setting newly assigned partitions [order-0]
2020-04-18 01:04:46.983  INFO 31266 --- [org.springframework.kafka.KafkaListenerEndpointContainer#0-0-C-1] o.a.k.c.consumer.internals.Fetcher       : [Consumer clientId=consumer-2, groupId=order-consumer-group] Resetting offset for partition order-0 to offset 0.
2020-04-18 01:04:46.983  INFO 31266 --- [org.springframework.kafka.KafkaListenerEndpointContainer#0-0-C-1] o.s.k.l.KafkaMessageListenerContainer    : partitions assigned: [order-0]
2020-04-18 01:05:43.620  INFO 31266 --- [MessageBroker-1] o.s.w.s.c.WebSocketMessageBrokerStats    : WebSocketSession[0 current WS(0)-HttpStream(0)-HttpPoll(0), 0 total, 0 closed abnormally (0 connect failure, 0 send limit, 0 transport error)], stompSubProtocol[processed CONNECT(0)-CONNECTED(0)-DISCONNECT(0)], stompBrokerRelay[null], inboundChannel[pool size = 0, active threads = 0, queued tasks = 0, completed tasks = 0], outboundChannel[pool size = 0, active threads = 0, queued tasks = 0, completed tasks = 0], sockJsScheduler[pool size = 1, active threads = 1, queued tasks = 0, completed tasks = 0]
2020-04-18 01:32:55.843  INFO 31266 --- [Thread-25] o.s.m.s.b.SimpleBrokerMessageHandler     : Stopping...
2020-04-18 01:32:55.844  INFO 31266 --- [Thread-25] o.s.m.s.b.SimpleBrokerMessageHandler     : BrokerAvailabilityEvent[available=false, SimpleBrokerMessageHandler [DefaultSubscriptionRegistry[cache[0 destination(s)], registry[0 sessions]]]]
2020-04-18 01:32:55.844  INFO 31266 --- [Thread-25] o.s.m.s.b.SimpleBrokerMessageHandler     : Stopped.
2020-04-18 01:32:55.846  INFO 31266 --- [org.springframework.kafka.KafkaListenerEndpointContainer#0-0-C-1] o.s.s.c.ThreadPoolTaskScheduler          : Shutting down ExecutorService
2020-04-18 01:32:55.852  INFO 31266 --- [org.springframework.kafka.KafkaListenerEndpointContainer#0-0-C-1] essageListenerContainer$ListenerConsumer : Consumer stopped
2020-04-18 01:32:55.889  INFO 31266 --- [Thread-25] o.s.s.concurrent.ThreadPoolTaskExecutor  : Shutting down ExecutorService 'brokerChannelExecutor'
2020-04-18 01:32:55.890  INFO 31266 --- [Thread-25] o.s.s.c.ThreadPoolTaskScheduler          : Shutting down ExecutorService 'messageBrokerTaskScheduler'
2020-04-18 01:32:55.891  INFO 31266 --- [Thread-25] o.s.s.concurrent.ThreadPoolTaskExecutor  : Shutting down ExecutorService 'clientOutboundChannelExecutor'
2020-04-18 01:32:55.892  INFO 31266 --- [Thread-25] o.s.s.concurrent.ThreadPoolTaskExecutor  : Shutting down ExecutorService 'clientInboundChannelExecutor'
2020-04-18 01:32:55.980  INFO 31266 --- [Thread-25] j.LocalContainerEntityManagerFactoryBean : Closing JPA EntityManagerFactory for persistence unit 'default'
2020-04-18 01:32:55.985  INFO 31266 --- [Thread-25] com.zaxxer.hikari.HikariDataSource       : HikariPool-1 - Shutdown initiated...
2020-04-18 01:32:56.011  INFO 31266 --- [Thread-25] com.zaxxer.hikari.HikariDataSource       : HikariPool-1 - Shutdown completed.
2020-04-18 01:33:23.272  INFO 4724 --- [main] c.ibook.bookstore.BookstoreApplication   : Starting BookstoreApplication on alien with PID 4724 (/home/dragon/Documents/2020/assignments/enterprise_level/SpringBoot/target/classes started by dragon in /home/dragon/Documents/2020/assignments/enterprise_level/SpringBoot)
2020-04-18 01:33:23.280  INFO 4724 --- [main] c.ibook.bookstore.BookstoreApplication   : No active profile set, falling back to default profiles: default
2020-04-18 01:33:24.041  INFO 4724 --- [main] .s.d.r.c.RepositoryConfigurationDelegate : Multiple Spring Data modules found, entering strict repository configuration mode!
2020-04-18 01:33:24.041  INFO 4724 --- [main] .s.d.r.c.RepositoryConfigurationDelegate : Bootstrapping Spring Data repositories in DEFAULT mode.
2020-04-18 01:33:24.074  INFO 4724 --- [main] .RepositoryConfigurationExtensionSupport : Spring Data JPA - Could not safely identify store assignment for repository candidate interface com.ibook.bookstore.Repository.BookDetailRepository.
2020-04-18 01:33:24.082  INFO 4724 --- [main] .RepositoryConfigurationExtensionSupport : Spring Data JPA - Could not safely identify store assignment for repository candidate interface com.ibook.bookstore.Repository.UserDetailRepository.
2020-04-18 01:33:24.097  INFO 4724 --- [main] .s.d.r.c.RepositoryConfigurationDelegate : Finished Spring Data repository scanning in 52ms. Found 5 repository interfaces.
2020-04-18 01:33:24.110  INFO 4724 --- [main] .s.d.r.c.RepositoryConfigurationDelegate : Multiple Spring Data modules found, entering strict repository configuration mode!
2020-04-18 01:33:24.110  INFO 4724 --- [main] .s.d.r.c.RepositoryConfigurationDelegate : Bootstrapping Spring Data repositories in DEFAULT mode.
2020-04-18 01:33:24.113  INFO 4724 --- [main] .RepositoryConfigurationExtensionSupport : Spring Data MongoDB - Could not safely identify store assignment for repository candidate interface com.ibook.bookstore.Repository.AddressRepository.
2020-04-18 01:33:24.114  INFO 4724 --- [main] .RepositoryConfigurationExtensionSupport : Spring Data MongoDB - Could not safely identify store assignment for repository candidate interface com.ibook.bookstore.Repository.BookRepository.
2020-04-18 01:33:24.115  INFO 4724 --- [main] .RepositoryConfigurationExtensionSupport : Spring Data MongoDB - Could not safely identify store assignment for repository candidate interface com.ibook.bookstore.Repository.OrderItemRepository.
2020-04-18 01:33:24.115  INFO 4724 --- [main] .RepositoryConfigurationExtensionSupport : Spring Data MongoDB - Could not safely identify store assignment for repository candidate interface com.ibook.bookstore.Repository.OrderRepository.
2020-04-18 01:33:24.116  INFO 4724 --- [main] .RepositoryConfigurationExtensionSupport : Spring Data MongoDB - Could not safely identify store assignment for repository candidate interface com.ibook.bookstore.Repository.UserRepository.
2020-04-18 01:33:24.119  INFO 4724 --- [main] .s.d.r.c.RepositoryConfigurationDelegate : Finished Spring Data repository scanning in 9ms. Found 2 repository interfaces.
2020-04-18 01:33:24.127  INFO 4724 --- [main] .s.d.r.c.RepositoryConfigurationDelegate : Multiple Spring Data modules found, entering strict repository configuration mode!
2020-04-18 01:33:24.127  INFO 4724 --- [main] .s.d.r.c.RepositoryConfigurationDelegate : Bootstrapping Spring Data repositories in DEFAULT mode.
2020-04-18 01:33:24.134  INFO 4724 --- [main] .RepositoryConfigurationExtensionSupport : Spring Data Redis - Could not safely identify store assignment for repository candidate interface com.ibook.bookstore.Repository.AddressRepository.
2020-04-18 01:33:24.134  INFO 4724 --- [main] .RepositoryConfigurationExtensionSupport : Spring Data Redis - Could not safely identify store assignment for repository candidate interface com.ibook.bookstore.Repository.BookDetailRepository.
2020-04-18 01:33:24.134  INFO 4724 --- [main] .RepositoryConfigurationExtensionSupport : Spring Data Redis - Could not safely identify store assignment for repository candidate interface com.ibook.bookstore.Repository.BookRepository.
2020-04-18 01:33:24.135  INFO 4724 --- [main] .RepositoryConfigurationExtensionSupport : Spring Data Redis - Could not safely identify store assignment for repository candidate interface com.ibook.bookstore.Repository.OrderItemRepository.
2020-04-18 01:33:24.135  INFO 4724 --- [main] .RepositoryConfigurationExtensionSupport : Spring Data Redis - Could not safely identify store assignment for repository candidate interface com.ibook.bookstore.Repository.OrderRepository.
2020-04-18 01:33:24.135  INFO 4724 --- [main] .RepositoryConfigurationExtensionSupport : Spring Data Redis - Could not safely identify store assignment for repository candidate interface com.ibook.bookstore.Repository.UserDetailRepository.
2020-04-18 01:33:24.135  INFO 4724 --- [main] .RepositoryConfigurationExtensionSupport : Spring Data Redis - Could not safely identify store assignment for repository candidate interface com.ibook.bookstore.Repository.UserRepository.
2020-04-18 01:33:24.135  INFO 4724 --- [main] .s.d.r.c.RepositoryConfigurationDelegate : Finished Spring Data repository scanning in 4ms. Found 0 repository interfaces.
2020-04-18 01:33:24.395  INFO 4724 --- [main] trationDelegate$BeanPostProcessorChecker : Bean 'org.springframework.kafka.annotation.KafkaBootstrapConfiguration' of type [org.springframework.kafka.annotation.KafkaBootstrapConfiguration$$EnhancerBySpringCGLIB$$edb67434] is not eligible for getting processed by all BeanPostProcessors (for example: not eligible for auto-proxying)
2020-04-18 01:33:24.425  INFO 4724 --- [main] trationDelegate$BeanPostProcessorChecker : Bean 'org.springframework.transaction.annotation.ProxyTransactionManagementConfiguration' of type [org.springframework.transaction.annotation.ProxyTransactionManagementConfiguration$$EnhancerBySpringCGLIB$$1a0462b1] is not eligible for getting processed by all BeanPostProcessors (for example: not eligible for auto-proxying)
2020-04-18 01:33:24.434  INFO 4724 --- [main] trationDelegate$BeanPostProcessorChecker : Bean 'org.springframework.hateoas.config.HateoasConfiguration' of type [org.springframework.hateoas.config.HateoasConfiguration$$EnhancerBySpringCGLIB$$9984afe3] is not eligible for getting processed by all BeanPostProcessors (for example: not eligible for auto-proxying)
2020-04-18 01:33:24.848  INFO 4724 --- [main] o.s.b.w.embedded.tomcat.TomcatWebServer  : Tomcat initialized with port(s): 8080 (http)
2020-04-18 01:33:24.903  INFO 4724 --- [main] o.apache.catalina.core.StandardService   : Starting service [Tomcat]
2020-04-18 01:33:24.903  INFO 4724 --- [main] org.apache.catalina.core.StandardEngine  : Starting Servlet engine: [Apache Tomcat/9.0.17]
2020-04-18 01:33:24.961  INFO 4724 --- [main] o.a.c.c.C.[Tomcat].[localhost].[/]       : Initializing Spring embedded WebApplicationContext
2020-04-18 01:33:24.961  INFO 4724 --- [main] o.s.web.context.ContextLoader            : Root WebApplicationContext: initialization completed in 1621 ms
2020-04-18 01:33:25.210  INFO 4724 --- [main] com.zaxxer.hikari.HikariDataSource       : HikariPool-1 - Starting...
2020-04-18 01:33:25.412  INFO 4724 --- [main] com.zaxxer.hikari.HikariDataSource       : HikariPool-1 - Start completed.
2020-04-18 01:33:25.448  INFO 4724 --- [main] o.hibernate.jpa.internal.util.LogHelper  : HHH000204: Processing PersistenceUnitInfo [
	name: default
	...]
2020-04-18 01:33:25.474  INFO 4724 --- [main] org.hibernate.Version                    : HHH000412: Hibernate Core {5.3.9.Final}
2020-04-18 01:33:25.475  INFO 4724 --- [main] org.hibernate.cfg.Environment            : HHH000206: hibernate.properties not found
2020-04-18 01:33:25.531  INFO 4724 --- [main] o.hibernate.annotations.common.Version   : HCANN000001: Hibernate Commons Annotations {5.0.4.Final}
2020-04-18 01:33:25.599  INFO 4724 --- [main] org.hibernate.dialect.Dialect            : HHH000400: Using dialect: org.hibernate.dialect.MySQL5Dialect
2020-04-18 01:33:25.705  WARN 4724 --- [main] org.hibernate.id.UUIDHexGenerator        : HHH000409: Using org.hibernate.id.UUIDHexGenerator which does not generate IETF RFC 4122 compliant UUID values; consider using org.hibernate.id.UUIDGenerator instead
2020-04-18 01:33:25.977  INFO 4724 --- [main] j.LocalContainerEntityManagerFactoryBean : Initialized JPA EntityManagerFactory for persistence unit 'default'
2020-04-18 01:33:26.755  INFO 4724 --- [main] org.mongodb.driver.cluster               : Cluster created with settings {hosts=[localhost:27017], mode=SINGLE, requiredClusterType=UNKNOWN, serverSelectionTimeout='30000 ms', maxWaitQueueSize=500}
2020-04-18 01:33:26.781  INFO 4724 --- [cluster-ClusterId{value='5e99e86657f3bd12745e29e8', description='null'}-localhost:27017] org.mongodb.driver.connection            : Opened connection [connectionId{localValue:1, serverValue:2}] to localhost:27017
2020-04-18 01:33:26.783  INFO 4724 --- [cluster-ClusterId{value='5e99e86657f3bd12745e29e8', description='null'}-localhost:27017] org.mongodb.driver.cluster               : Monitor thread successfully connected to server with description ServerDescription{address=localhost:27017, type=STANDALONE, state=CONNECTED, ok=true, version=ServerVersion{versionList=[4, 2, 3]}, minWireVersion=0, maxWireVersion=8, maxDocumentSize=16777216, logicalSessionTimeoutMinutes=30, roundTripTimeNanos=1664764}
2020-04-18 01:33:27.274  INFO 4724 --- [main] o.s.s.concurrent.ThreadPoolTaskExecutor  : Initializing ExecutorService 'clientInboundChannelExecutor'
2020-04-18 01:33:27.280  INFO 4724 --- [main] o.s.s.concurrent.ThreadPoolTaskExecutor  : Initializing ExecutorService 'clientOutboundChannelExecutor'
2020-04-18 01:33:27.290  INFO 4724 --- [main] o.s.s.c.ThreadPoolTaskScheduler          : Initializing ExecutorService 'messageBrokerTaskScheduler'
2020-04-18 01:33:27.317  INFO 4724 --- [main] o.s.s.concurrent.ThreadPoolTaskExecutor  : Initializing ExecutorService 'brokerChannelExecutor'
2020-04-18 01:33:27.552  WARN 4724 --- [main] aWebConfiguration$JpaWebMvcConfiguration : spring.jpa.open-in-view is enabled by default. Therefore, database queries may be performed during view rendering. Explicitly configure spring.jpa.open-in-view to disable this warning
2020-04-18 01:33:27.653  INFO 4724 --- [main] o.s.s.web.DefaultSecurityFilterChain     : Creating filter chain: any request, [org.springframework.security.web.context.request.async.WebAsyncManagerIntegrationFilter@712c9bcf, org.springframework.security.web.context.SecurityContextPersistenceFilter@1477d4e6, org.springframework.security.web.header.HeaderWriterFilter@524dd373, org.springframework.web.filter.CorsFilter@3c34c491, org.springframework.security.web.authentication.logout.LogoutFilter@4ef277ef, org.springframework.security.web.authentication.UsernamePasswordAuthenticationFilter@7c0a6f62, org.springframework.security.web.savedrequest.RequestCacheAwareFilter@b791e6e, org.springframework.security.web.servletapi.SecurityContextHolderAwareRequestFilter@77648321, org.springframework.security.web.authentication.AnonymousAuthenticationFilter@509e4902, org.springframework.security.web.session.SessionManagementFilter@b75f3f4, org.springframework.security.web.access.ExceptionTranslationFilter@2c86b0ea, org.springframework.security.web.access.intercept.FilterSecurityInterceptor@66851aa5]
2020-04-18 01:33:28.161  INFO 4724 --- [main] o.a.k.clients.consumer.ConsumerConfig    : ConsumerConfig values: 
	auto.commit.interval.ms = 100
	auto.offset.reset = earliest
	bootstrap.servers = [127.0.0.1:9092]
	check.crcs = true
	client.id = 
	connections.max.idle.ms = 540000
	default.api.timeout.ms = 60000
	enable.auto.commit = true
	exclude.internal.topics = true
	fetch.max.bytes = 52428800
	fetch.max.wait.ms = 500
	fetch.min.bytes = 1
	group.id = order-consumer-group
	heartbeat.interval.ms = 3000
	interceptor.classes = []
	internal.leave.group.on.close = true
	isolation.level = read_uncommitted
	key.deserializer = class org.apache.kafka.common.serialization.StringDeserializer
	max.partition.fetch.bytes = 1048576
	max.poll.interval.ms = 300000
	max.poll.records = 500
	metadata.max.age.ms = 300000
	metric.reporters = []
	metrics.num.samples = 2
	metrics.recording.level = INFO
	metrics.sample.window.ms = 30000
	partition.assignment.strategy = [class org.apache.kafka.clients.consumer.RangeAssignor]
	receive.buffer.bytes = 65536
	reconnect.backoff.max.ms = 1000
	reconnect.backoff.ms = 50
	request.timeout.ms = 30000
	retry.backoff.ms = 100
	sasl.client.callback.handler.class = null
	sasl.jaas.config = null
	sasl.kerberos.kinit.cmd = /usr/bin/kinit
	sasl.kerberos.min.time.before.relogin = 60000
	sasl.kerberos.service.name = null
	sasl.kerberos.ticket.renew.jitter = 0.05
	sasl.kerberos.ticket.renew.window.factor = 0.8
	sasl.login.callback.handler.class = null
	sasl.login.class = null
	sasl.login.refresh.buffer.seconds = 300
	sasl.login.refresh.min.period.seconds = 60
	sasl.login.refresh.window.factor = 0.8
	sasl.login.refresh.window.jitter = 0.05
	sasl.mechanism = GSSAPI
	security.protocol = PLAINTEXT
	send.buffer.bytes = 131072
	session.timeout.ms = 10000
	ssl.cipher.suites = null
	ssl.enabled.protocols = [TLSv1.2, TLSv1.1, TLSv1]
	ssl.endpoint.identification.algorithm = https
	ssl.key.password = null
	ssl.keymanager.algorithm = SunX509
	ssl.keystore.location = null
	ssl.keystore.password = null
	ssl.keystore.type = JKS
	ssl.protocol = TLS
	ssl.provider = null
	ssl.secure.random.implementation = null
	ssl.trustmanager.algorithm = PKIX
	ssl.truststore.location = null
	ssl.truststore.password = null
	ssl.truststore.type = JKS
	value.deserializer = class org.apache.kafka.common.serialization.StringDeserializer

2020-04-18 01:33:28.183  INFO 4724 --- [main] o.a.kafka.common.utils.AppInfoParser     : Kafka version : 2.0.1
2020-04-18 01:33:28.183  INFO 4724 --- [main] o.a.kafka.common.utils.AppInfoParser     : Kafka commitId : fa14705e51bd2ce5
2020-04-18 01:33:28.237  INFO 4724 --- [main] org.apache.kafka.clients.Metadata        : Cluster ID: XCWlH1yPT22F-iyviusfCQ
2020-04-18 01:33:28.242  INFO 4724 --- [main] o.a.k.clients.consumer.ConsumerConfig    : ConsumerConfig values: 
	auto.commit.interval.ms = 100
	auto.offset.reset = earliest
	bootstrap.servers = [127.0.0.1:9092]
	check.crcs = true
	client.id = 
	connections.max.idle.ms = 540000
	default.api.timeout.ms = 60000
	enable.auto.commit = true
	exclude.internal.topics = true
	fetch.max.bytes = 52428800
	fetch.max.wait.ms = 500
	fetch.min.bytes = 1
	group.id = order-consumer-group
	heartbeat.interval.ms = 3000
	interceptor.classes = []
	internal.leave.group.on.close = true
	isolation.level = read_uncommitted
	key.deserializer = class org.apache.kafka.common.serialization.StringDeserializer
	max.partition.fetch.bytes = 1048576
	max.poll.interval.ms = 300000
	max.poll.records = 500
	metadata.max.age.ms = 300000
	metric.reporters = []
	metrics.num.samples = 2
	metrics.recording.level = INFO
	metrics.sample.window.ms = 30000
	partition.assignment.strategy = [class org.apache.kafka.clients.consumer.RangeAssignor]
	receive.buffer.bytes = 65536
	reconnect.backoff.max.ms = 1000
	reconnect.backoff.ms = 50
	request.timeout.ms = 30000
	retry.backoff.ms = 100
	sasl.client.callback.handler.class = null
	sasl.jaas.config = null
	sasl.kerberos.kinit.cmd = /usr/bin/kinit
	sasl.kerberos.min.time.before.relogin = 60000
	sasl.kerberos.service.name = null
	sasl.kerberos.ticket.renew.jitter = 0.05
	sasl.kerberos.ticket.renew.window.factor = 0.8
	sasl.login.callback.handler.class = null
	sasl.login.class = null
	sasl.login.refresh.buffer.seconds = 300
	sasl.login.refresh.min.period.seconds = 60
	sasl.login.refresh.window.factor = 0.8
	sasl.login.refresh.window.jitter = 0.05
	sasl.mechanism = GSSAPI
	security.protocol = PLAINTEXT
	send.buffer.bytes = 131072
	session.timeout.ms = 10000
	ssl.cipher.suites = null
	ssl.enabled.protocols = [TLSv1.2, TLSv1.1, TLSv1]
	ssl.endpoint.identification.algorithm = https
	ssl.key.password = null
	ssl.keymanager.algorithm = SunX509
	ssl.keystore.location = null
	ssl.keystore.password = null
	ssl.keystore.type = JKS
	ssl.protocol = TLS
	ssl.provider = null
	ssl.secure.random.implementation = null
	ssl.trustmanager.algorithm = PKIX
	ssl.truststore.location = null
	ssl.truststore.password = null
	ssl.truststore.type = JKS
	value.deserializer = class org.apache.kafka.common.serialization.StringDeserializer

2020-04-18 01:33:28.245  INFO 4724 --- [main] o.a.kafka.common.utils.AppInfoParser     : Kafka version : 2.0.1
2020-04-18 01:33:28.245  INFO 4724 --- [main] o.a.kafka.common.utils.AppInfoParser     : Kafka commitId : fa14705e51bd2ce5
2020-04-18 01:33:28.247  INFO 4724 --- [main] o.s.s.c.ThreadPoolTaskScheduler          : Initializing ExecutorService
2020-04-18 01:33:28.249  INFO 4724 --- [main] o.s.m.s.b.SimpleBrokerMessageHandler     : Starting...
2020-04-18 01:33:28.249  INFO 4724 --- [main] o.s.m.s.b.SimpleBrokerMessageHandler     : BrokerAvailabilityEvent[available=true, SimpleBrokerMessageHandler [DefaultSubscriptionRegistry[cache[0 destination(s)], registry[0 sessions]]]]
2020-04-18 01:33:28.250  INFO 4724 --- [main] o.s.m.s.b.SimpleBrokerMessageHandler     : Started.
2020-04-18 01:33:28.254  INFO 4724 --- [org.springframework.kafka.KafkaListenerEndpointContainer#0-0-C-1] org.apache.kafka.clients.Metadata        : Cluster ID: XCWlH1yPT22F-iyviusfCQ
2020-04-18 01:33:28.255  INFO 4724 --- [org.springframework.kafka.KafkaListenerEndpointContainer#0-0-C-1] o.a.k.c.c.internals.AbstractCoordinator  : [Consumer clientId=consumer-2, groupId=order-consumer-group] Discovered group coordinator alien:9092 (id: 2147483647 rack: null)
2020-04-18 01:33:28.257  INFO 4724 --- [org.springframework.kafka.KafkaListenerEndpointContainer#0-0-C-1] o.a.k.c.c.internals.ConsumerCoordinator  : [Consumer clientId=consumer-2, groupId=order-consumer-group] Revoking previously assigned partitions []
2020-04-18 01:33:28.257  INFO 4724 --- [org.springframework.kafka.KafkaListenerEndpointContainer#0-0-C-1] o.s.k.l.KafkaMessageListenerContainer    : partitions revoked: []
2020-04-18 01:33:28.257  INFO 4724 --- [org.springframework.kafka.KafkaListenerEndpointContainer#0-0-C-1] o.a.k.c.c.internals.AbstractCoordinator  : [Consumer clientId=consumer-2, groupId=order-consumer-group] (Re-)joining group
2020-04-18 01:33:28.266  INFO 4724 --- [org.springframework.kafka.KafkaListenerEndpointContainer#0-0-C-1] o.a.k.c.c.internals.AbstractCoordinator  : [Consumer clientId=consumer-2, groupId=order-consumer-group] Successfully joined group with generation 3
2020-04-18 01:33:28.267  INFO 4724 --- [org.springframework.kafka.KafkaListenerEndpointContainer#0-0-C-1] o.a.k.c.c.internals.ConsumerCoordinator  : [Consumer clientId=consumer-2, groupId=order-consumer-group] Setting newly assigned partitions [order-0]
2020-04-18 01:33:28.270  INFO 4724 --- [org.springframework.kafka.KafkaListenerEndpointContainer#0-0-C-1] o.s.k.l.KafkaMessageListenerContainer    : partitions assigned: [order-0]
2020-04-18 01:33:28.271  INFO 4724 --- [main] o.s.b.w.embedded.tomcat.TomcatWebServer  : Tomcat started on port(s): 8080 (http) with context path ''
2020-04-18 01:33:28.273  INFO 4724 --- [main] c.ibook.bookstore.BookstoreApplication   : Started BookstoreApplication in 5.415 seconds (JVM running for 5.718)
2020-04-18 01:34:27.315  INFO 4724 --- [MessageBroker-1] o.s.w.s.c.WebSocketMessageBrokerStats    : WebSocketSession[0 current WS(0)-HttpStream(0)-HttpPoll(0), 0 total, 0 closed abnormally (0 connect failure, 0 send limit, 0 transport error)], stompSubProtocol[processed CONNECT(0)-CONNECTED(0)-DISCONNECT(0)], stompBrokerRelay[null], inboundChannel[pool size = 0, active threads = 0, queued tasks = 0, completed tasks = 0], outboundChannel[pool size = 0, active threads = 0, queued tasks = 0, completed tasks = 0], sockJsScheduler[pool size = 1, active threads = 1, queued tasks = 0, completed tasks = 0]
2020-04-18 01:56:59.402  INFO 4724 --- [Thread-13] o.s.m.s.b.SimpleBrokerMessageHandler     : Stopping...
2020-04-18 01:56:59.402  INFO 4724 --- [Thread-13] o.s.m.s.b.SimpleBrokerMessageHandler     : BrokerAvailabilityEvent[available=false, SimpleBrokerMessageHandler [DefaultSubscriptionRegistry[cache[0 destination(s)], registry[0 sessions]]]]
2020-04-18 01:56:59.402  INFO 4724 --- [Thread-13] o.s.m.s.b.SimpleBrokerMessageHandler     : Stopped.
2020-04-18 01:56:59.407  INFO 4724 --- [org.springframework.kafka.KafkaListenerEndpointContainer#0-0-C-1] o.s.s.c.ThreadPoolTaskScheduler          : Shutting down ExecutorService
2020-04-18 01:56:59.410  INFO 4724 --- [org.springframework.kafka.KafkaListenerEndpointContainer#0-0-C-1] essageListenerContainer$ListenerConsumer : Consumer stopped
2020-04-18 01:56:59.414  INFO 4724 --- [Thread-13] o.s.s.concurrent.ThreadPoolTaskExecutor  : Shutting down ExecutorService 'brokerChannelExecutor'
2020-04-18 01:56:59.414  INFO 4724 --- [Thread-13] o.s.s.c.ThreadPoolTaskScheduler          : Shutting down ExecutorService 'messageBrokerTaskScheduler'
2020-04-18 01:56:59.415  INFO 4724 --- [Thread-13] o.s.s.concurrent.ThreadPoolTaskExecutor  : Shutting down ExecutorService 'clientOutboundChannelExecutor'
2020-04-18 01:56:59.415  INFO 4724 --- [Thread-13] o.s.s.concurrent.ThreadPoolTaskExecutor  : Shutting down ExecutorService 'clientInboundChannelExecutor'
2020-04-18 01:56:59.430  INFO 4724 --- [Thread-13] j.LocalContainerEntityManagerFactoryBean : Closing JPA EntityManagerFactory for persistence unit 'default'
2020-04-18 01:56:59.432  INFO 4724 --- [Thread-13] com.zaxxer.hikari.HikariDataSource       : HikariPool-1 - Shutdown initiated...
2020-04-18 01:56:59.435  INFO 4724 --- [Thread-13] com.zaxxer.hikari.HikariDataSource       : HikariPool-1 - Shutdown completed.
